2022-06-17 14:40:32.870  INFO 2220 --- [restartedMain] c.b.e.EmployeePayrollApp                 : Starting EmployeePayrollApp using Java 17.0.3 on DESKTOP-8PGHENU with PID 2220 (C:\Users\lenovo\IdeaProjects\employee-payroll-app-spring\target\classes started by lenovo in C:\Users\lenovo\IdeaProjects\employee-payroll-app-spring)
2022-06-17 14:40:32.977 DEBUG 2220 --- [restartedMain] c.b.e.EmployeePayrollApp                 : Running with Spring Boot v2.6.3, Spring v5.3.15
2022-06-17 14:40:32.981  INFO 2220 --- [restartedMain] c.b.e.EmployeePayrollApp                 : The following profiles are active: dev
2022-06-17 14:40:54.977  WARN 2220 --- [restartedMain] JpaBaseConfiguration$JpaWebConfiguration : spring.jpa.open-in-view is enabled by default. Therefore, database queries may be performed during view rendering. Explicitly configure spring.jpa.open-in-view to disable this warning
2022-06-17 14:40:59.314  INFO 2220 --- [restartedMain] c.b.e.EmployeePayrollApp                 : Started EmployeePayrollApp in 28.567 seconds (JVM running for 30.563)
2022-06-17 14:40:59.326  INFO 2220 --- [restartedMain] c.b.e.EmployeePayrollApp                 : Employee Payroll App Started in DEV Environment
2022-06-17 14:40:59.335  INFO 2220 --- [restartedMain] c.b.e.EmployeePayrollApp                 : Employee payroll DB User is root
2022-06-17 14:57:28.045 ERROR 2220 --- [http-nio-8082-exec-2] c.b.e.e.EmployeePayrollExceptionHandler  : Invalid Date Format

org.springframework.http.converter.HttpMessageNotReadableException: JSON parse error: Cannot deserialize value of type `java.time.LocalDate` from String "19Oct2020": Failed to deserialize java.time.LocalDate: (java.time.format.DateTimeParseException) Text '19Oct2020' could not be parsed at index 2; nested exception is com.fasterxml.jackson.databind.exc.InvalidFormatException: Cannot deserialize value of type `java.time.LocalDate` from String "19Oct2020": Failed to deserialize java.time.LocalDate: (java.time.format.DateTimeParseException) Text '19Oct2020' could not be parsed at index 2
 at [Source: (PushbackInputStream); line: 1, column: 193] (through reference chain: com.bridegelabz.employeepayrollapp.dto.EmployeePayrollDTO["startDate"])
	at org.springframework.http.converter.json.AbstractJackson2HttpMessageConverter.readJavaType(AbstractJackson2HttpMessageConverter.java:389) ~[spring-web-5.3.15.jar:5.3.15]
	at org.springframework.http.converter.json.AbstractJackson2HttpMessageConverter.read(AbstractJackson2HttpMessageConverter.java:342) ~[spring-web-5.3.15.jar:5.3.15]
	at org.springframework.web.servlet.mvc.method.annotation.AbstractMessageConverterMethodArgumentResolver.readWithMessageConverters(AbstractMessageConverterMethodArgumentResolver.java:185) ~[spring-webmvc-5.3.15.jar:5.3.15]
	at org.springframework.web.servlet.mvc.method.annotation.RequestResponseBodyMethodProcessor.readWithMessageConverters(RequestResponseBodyMethodProcessor.java:160) ~[spring-webmvc-5.3.15.jar:5.3.15]
	at org.springframework.web.servlet.mvc.method.annotation.RequestResponseBodyMethodProcessor.resolveArgument(RequestResponseBodyMethodProcessor.java:133) ~[spring-webmvc-5.3.15.jar:5.3.15]
	at org.springframework.web.method.support.HandlerMethodArgumentResolverComposite.resolveArgument(HandlerMethodArgumentResolverComposite.java:122) ~[spring-web-5.3.15.jar:5.3.15]
	at org.springframework.web.method.support.InvocableHandlerMethod.getMethodArgumentValues(InvocableHandlerMethod.java:179) ~[spring-web-5.3.15.jar:5.3.15]
	at org.springframework.web.method.support.InvocableHandlerMethod.invokeForRequest(InvocableHandlerMethod.java:146) ~[spring-web-5.3.15.jar:5.3.15]
	at org.springframework.web.servlet.mvc.method.annotation.ServletInvocableHandlerMethod.invokeAndHandle(ServletInvocableHandlerMethod.java:117) ~[spring-webmvc-5.3.15.jar:5.3.15]
	at org.springframework.web.servlet.mvc.method.annotation.RequestMappingHandlerAdapter.invokeHandlerMethod(RequestMappingHandlerAdapter.java:895) ~[spring-webmvc-5.3.15.jar:5.3.15]
	at org.springframework.web.servlet.mvc.method.annotation.RequestMappingHandlerAdapter.handleInternal(RequestMappingHandlerAdapter.java:808) ~[spring-webmvc-5.3.15.jar:5.3.15]
	at org.springframework.web.servlet.mvc.method.AbstractHandlerMethodAdapter.handle(AbstractHandlerMethodAdapter.java:87) ~[spring-webmvc-5.3.15.jar:5.3.15]
	at org.springframework.web.servlet.DispatcherServlet.doDispatch(DispatcherServlet.java:1067) ~[spring-webmvc-5.3.15.jar:5.3.15]
	at org.springframework.web.servlet.DispatcherServlet.doService(DispatcherServlet.java:963) ~[spring-webmvc-5.3.15.jar:5.3.15]
	at org.springframework.web.servlet.FrameworkServlet.processRequest(FrameworkServlet.java:1006) ~[spring-webmvc-5.3.15.jar:5.3.15]
	at org.springframework.web.servlet.FrameworkServlet.doPost(FrameworkServlet.java:909) ~[spring-webmvc-5.3.15.jar:5.3.15]
	at javax.servlet.http.HttpServlet.service(HttpServlet.java:681) ~[tomcat-embed-core-9.0.56.jar:4.0.FR]
	at org.springframework.web.servlet.FrameworkServlet.service(FrameworkServlet.java:883) ~[spring-webmvc-5.3.15.jar:5.3.15]
	at javax.servlet.http.HttpServlet.service(HttpServlet.java:764) ~[tomcat-embed-core-9.0.56.jar:4.0.FR]
	at org.apache.catalina.core.ApplicationFilterChain.internalDoFilter(ApplicationFilterChain.java:227) ~[tomcat-embed-core-9.0.56.jar:9.0.56]
	at org.apache.catalina.core.ApplicationFilterChain.doFilter(ApplicationFilterChain.java:162) ~[tomcat-embed-core-9.0.56.jar:9.0.56]
	at org.apache.tomcat.websocket.server.WsFilter.doFilter(WsFilter.java:53) ~[tomcat-embed-websocket-9.0.56.jar:9.0.56]
	at org.apache.catalina.core.ApplicationFilterChain.internalDoFilter(ApplicationFilterChain.java:189) ~[tomcat-embed-core-9.0.56.jar:9.0.56]
	at org.apache.catalina.core.ApplicationFilterChain.doFilter(ApplicationFilterChain.java:162) ~[tomcat-embed-core-9.0.56.jar:9.0.56]
	at org.springframework.web.filter.RequestContextFilter.doFilterInternal(RequestContextFilter.java:100) ~[spring-web-5.3.15.jar:5.3.15]
	at org.springframework.web.filter.OncePerRequestFilter.doFilter(OncePerRequestFilter.java:117) ~[spring-web-5.3.15.jar:5.3.15]
	at org.apache.catalina.core.ApplicationFilterChain.internalDoFilter(ApplicationFilterChain.java:189) ~[tomcat-embed-core-9.0.56.jar:9.0.56]
	at org.apache.catalina.core.ApplicationFilterChain.doFilter(ApplicationFilterChain.java:162) ~[tomcat-embed-core-9.0.56.jar:9.0.56]
	at org.springframework.web.filter.FormContentFilter.doFilterInternal(FormContentFilter.java:93) ~[spring-web-5.3.15.jar:5.3.15]
	at org.springframework.web.filter.OncePerRequestFilter.doFilter(OncePerRequestFilter.java:117) ~[spring-web-5.3.15.jar:5.3.15]
	at org.apache.catalina.core.ApplicationFilterChain.internalDoFilter(ApplicationFilterChain.java:189) ~[tomcat-embed-core-9.0.56.jar:9.0.56]
	at org.apache.catalina.core.ApplicationFilterChain.doFilter(ApplicationFilterChain.java:162) ~[tomcat-embed-core-9.0.56.jar:9.0.56]
	at org.springframework.web.filter.CharacterEncodingFilter.doFilterInternal(CharacterEncodingFilter.java:201) ~[spring-web-5.3.15.jar:5.3.15]
	at org.springframework.web.filter.OncePerRequestFilter.doFilter(OncePerRequestFilter.java:117) ~[spring-web-5.3.15.jar:5.3.15]
	at org.apache.catalina.core.ApplicationFilterChain.internalDoFilter(ApplicationFilterChain.java:189) ~[tomcat-embed-core-9.0.56.jar:9.0.56]
	at org.apache.catalina.core.ApplicationFilterChain.doFilter(ApplicationFilterChain.java:162) ~[tomcat-embed-core-9.0.56.jar:9.0.56]
	at org.apache.catalina.core.StandardWrapperValve.invoke(StandardWrapperValve.java:197) ~[tomcat-embed-core-9.0.56.jar:9.0.56]
	at org.apache.catalina.core.StandardContextValve.invoke(StandardContextValve.java:97) ~[tomcat-embed-core-9.0.56.jar:9.0.56]
	at org.apache.catalina.authenticator.AuthenticatorBase.invoke(AuthenticatorBase.java:540) ~[tomcat-embed-core-9.0.56.jar:9.0.56]
	at org.apache.catalina.core.StandardHostValve.invoke(StandardHostValve.java:135) ~[tomcat-embed-core-9.0.56.jar:9.0.56]
	at org.apache.catalina.valves.ErrorReportValve.invoke(ErrorReportValve.java:92) ~[tomcat-embed-core-9.0.56.jar:9.0.56]
	at org.apache.catalina.core.StandardEngineValve.invoke(StandardEngineValve.java:78) ~[tomcat-embed-core-9.0.56.jar:9.0.56]
	at org.apache.catalina.connector.CoyoteAdapter.service(CoyoteAdapter.java:357) ~[tomcat-embed-core-9.0.56.jar:9.0.56]
	at org.apache.coyote.http11.Http11Processor.service(Http11Processor.java:382) ~[tomcat-embed-core-9.0.56.jar:9.0.56]
	at org.apache.coyote.AbstractProcessorLight.process(AbstractProcessorLight.java:65) ~[tomcat-embed-core-9.0.56.jar:9.0.56]
	at org.apache.coyote.AbstractProtocol$ConnectionHandler.process(AbstractProtocol.java:895) ~[tomcat-embed-core-9.0.56.jar:9.0.56]
	at org.apache.tomcat.util.net.NioEndpoint$SocketProcessor.doRun(NioEndpoint.java:1732) ~[tomcat-embed-core-9.0.56.jar:9.0.56]
	at org.apache.tomcat.util.net.SocketProcessorBase.run(SocketProcessorBase.java:49) ~[tomcat-embed-core-9.0.56.jar:9.0.56]
	at org.apache.tomcat.util.threads.ThreadPoolExecutor.runWorker(ThreadPoolExecutor.java:1191) ~[tomcat-embed-core-9.0.56.jar:9.0.56]
	at org.apache.tomcat.util.threads.ThreadPoolExecutor$Worker.run(ThreadPoolExecutor.java:659) ~[tomcat-embed-core-9.0.56.jar:9.0.56]
	at org.apache.tomcat.util.threads.TaskThread$WrappingRunnable.run(TaskThread.java:61) ~[tomcat-embed-core-9.0.56.jar:9.0.56]
	at java.base/java.lang.Thread.run(Thread.java:833) ~[na:na]
Caused by: com.fasterxml.jackson.databind.exc.InvalidFormatException: Cannot deserialize value of type `java.time.LocalDate` from String "19Oct2020": Failed to deserialize java.time.LocalDate: (java.time.format.DateTimeParseException) Text '19Oct2020' could not be parsed at index 2
 at [Source: (PushbackInputStream); line: 1, column: 193] (through reference chain: com.bridegelabz.employeepayrollapp.dto.EmployeePayrollDTO["startDate"])
	at com.fasterxml.jackson.databind.exc.InvalidFormatException.from(InvalidFormatException.java:67) ~[jackson-databind-2.13.1.jar:2.13.1]
	at com.fasterxml.jackson.databind.DeserializationContext.weirdStringException(DeserializationContext.java:1991) ~[jackson-databind-2.13.1.jar:2.13.1]
	at com.fasterxml.jackson.databind.DeserializationContext.handleWeirdStringValue(DeserializationContext.java:1219) ~[jackson-databind-2.13.1.jar:2.13.1]
	at com.fasterxml.jackson.datatype.jsr310.deser.JSR310DeserializerBase._handleDateTimeException(JSR310DeserializerBase.java:176) ~[jackson-datatype-jsr310-2.13.1.jar:2.13.1]
	at com.fasterxml.jackson.datatype.jsr310.deser.LocalDateDeserializer._fromString(LocalDateDeserializer.java:172) ~[jackson-datatype-jsr310-2.13.1.jar:2.13.1]
	at com.fasterxml.jackson.datatype.jsr310.deser.LocalDateDeserializer.deserialize(LocalDateDeserializer.java:90) ~[jackson-datatype-jsr310-2.13.1.jar:2.13.1]
	at com.fasterxml.jackson.datatype.jsr310.deser.LocalDateDeserializer.deserialize(LocalDateDeserializer.java:36) ~[jackson-datatype-jsr310-2.13.1.jar:2.13.1]
	at com.fasterxml.jackson.databind.deser.impl.FieldProperty.deserializeAndSet(FieldProperty.java:138) ~[jackson-databind-2.13.1.jar:2.13.1]
	at com.fasterxml.jackson.databind.deser.BeanDeserializer.deserializeFromObject(BeanDeserializer.java:391) ~[jackson-databind-2.13.1.jar:2.13.1]
	at com.fasterxml.jackson.databind.deser.BeanDeserializer.deserialize(BeanDeserializer.java:184) ~[jackson-databind-2.13.1.jar:2.13.1]
	at com.fasterxml.jackson.databind.deser.DefaultDeserializationContext.readRootValue(DefaultDeserializationContext.java:322) ~[jackson-databind-2.13.1.jar:2.13.1]
	at com.fasterxml.jackson.databind.ObjectMapper._readMapAndClose(ObjectMapper.java:4674) ~[jackson-databind-2.13.1.jar:2.13.1]
	at com.fasterxml.jackson.databind.ObjectMapper.readValue(ObjectMapper.java:3682) ~[jackson-databind-2.13.1.jar:2.13.1]
	at org.springframework.http.converter.json.AbstractJackson2HttpMessageConverter.readJavaType(AbstractJackson2HttpMessageConverter.java:378) ~[spring-web-5.3.15.jar:5.3.15]
	... 51 common frames omitted
Caused by: java.time.format.DateTimeParseException: Text '19Oct2020' could not be parsed at index 2
	at java.base/java.time.format.DateTimeFormatter.parseResolved0(DateTimeFormatter.java:2052) ~[na:na]
	at java.base/java.time.format.DateTimeFormatter.parse(DateTimeFormatter.java:1954) ~[na:na]
	at java.base/java.time.LocalDate.parse(LocalDate.java:430) ~[na:na]
	at com.fasterxml.jackson.datatype.jsr310.deser.LocalDateDeserializer._fromString(LocalDateDeserializer.java:170) ~[jackson-datatype-jsr310-2.13.1.jar:2.13.1]
	... 60 common frames omitted

2022-06-17 14:57:28.181  WARN 2220 --- [http-nio-8082-exec-2] .m.m.a.ExceptionHandlerExceptionResolver : Resolved [org.springframework.http.converter.HttpMessageNotReadableException: JSON parse error: Cannot deserialize value of type `java.time.LocalDate` from String "19Oct2020": Failed to deserialize java.time.LocalDate: (java.time.format.DateTimeParseException) Text '19Oct2020' could not be parsed at index 2; nested exception is com.fasterxml.jackson.databind.exc.InvalidFormatException: Cannot deserialize value of type `java.time.LocalDate` from String "19Oct2020": Failed to deserialize java.time.LocalDate: (java.time.format.DateTimeParseException) Text '19Oct2020' could not be parsed at index 2<EOL> at [Source: (PushbackInputStream); line: 1, column: 193] (through reference chain: com.bridegelabz.employeepayrollapp.dto.EmployeePayrollDTO["startDate"])]
2022-06-17 14:59:11.438  INFO 2220 --- [restartedMain] c.b.e.EmployeePayrollApp                 : Starting EmployeePayrollApp using Java 17.0.3 on DESKTOP-8PGHENU with PID 2220 (C:\Users\lenovo\IdeaProjects\employee-payroll-app-spring\target\classes started by lenovo in C:\Users\lenovo\IdeaProjects\employee-payroll-app-spring)
2022-06-17 14:59:11.465 DEBUG 2220 --- [restartedMain] c.b.e.EmployeePayrollApp                 : Running with Spring Boot v2.6.3, Spring v5.3.15
2022-06-17 14:59:11.467  INFO 2220 --- [restartedMain] c.b.e.EmployeePayrollApp                 : The following profiles are active: dev
2022-06-17 14:59:17.279  WARN 2220 --- [restartedMain] JpaBaseConfiguration$JpaWebConfiguration : spring.jpa.open-in-view is enabled by default. Therefore, database queries may be performed during view rendering. Explicitly configure spring.jpa.open-in-view to disable this warning
2022-06-17 14:59:17.940  INFO 2220 --- [restartedMain] c.b.e.EmployeePayrollApp                 : Started EmployeePayrollApp in 9.625 seconds (JVM running for 1129.189)
2022-06-17 14:59:17.948  INFO 2220 --- [restartedMain] c.b.e.EmployeePayrollApp                 : Employee Payroll App Started in DEV Environment
2022-06-17 14:59:17.949  INFO 2220 --- [restartedMain] c.b.e.EmployeePayrollApp                 : Employee payroll DB User is root
2022-06-17 14:59:38.625  INFO 2220 --- [restartedMain] c.b.e.EmployeePayrollApp                 : Starting EmployeePayrollApp using Java 17.0.3 on DESKTOP-8PGHENU with PID 2220 (C:\Users\lenovo\IdeaProjects\employee-payroll-app-spring\target\classes started by lenovo in C:\Users\lenovo\IdeaProjects\employee-payroll-app-spring)
2022-06-17 14:59:38.643 DEBUG 2220 --- [restartedMain] c.b.e.EmployeePayrollApp                 : Running with Spring Boot v2.6.3, Spring v5.3.15
2022-06-17 14:59:38.651  INFO 2220 --- [restartedMain] c.b.e.EmployeePayrollApp                 : The following profiles are active: dev
2022-06-17 14:59:41.614  WARN 2220 --- [restartedMain] JpaBaseConfiguration$JpaWebConfiguration : spring.jpa.open-in-view is enabled by default. Therefore, database queries may be performed during view rendering. Explicitly configure spring.jpa.open-in-view to disable this warning
2022-06-17 14:59:41.937  INFO 2220 --- [restartedMain] c.b.e.EmployeePayrollApp                 : Started EmployeePayrollApp in 3.527 seconds (JVM running for 1153.186)
2022-06-17 14:59:41.966  INFO 2220 --- [restartedMain] c.b.e.EmployeePayrollApp                 : Employee Payroll App Started in DEV Environment
2022-06-17 14:59:41.971  INFO 2220 --- [restartedMain] c.b.e.EmployeePayrollApp                 : Employee payroll DB User is root
2022-06-17 14:59:55.937 ERROR 2220 --- [http-nio-8082-exec-1] c.b.e.e.EmployeePayrollExceptionHandler  : Invalid Date Format

org.springframework.http.converter.HttpMessageNotReadableException: JSON parse error: Cannot deserialize value of type `java.time.LocalDate` from String "19Oct2020": Failed to deserialize java.time.LocalDate: (java.time.format.DateTimeParseException) Text '19Oct2020' could not be parsed at index 2; nested exception is com.fasterxml.jackson.databind.exc.InvalidFormatException: Cannot deserialize value of type `java.time.LocalDate` from String "19Oct2020": Failed to deserialize java.time.LocalDate: (java.time.format.DateTimeParseException) Text '19Oct2020' could not be parsed at index 2
 at [Source: (PushbackInputStream); line: 1, column: 193] (through reference chain: com.bridegelabz.employeepayrollapp.dto.EmployeePayrollDTO["startDate"])
	at org.springframework.http.converter.json.AbstractJackson2HttpMessageConverter.readJavaType(AbstractJackson2HttpMessageConverter.java:389) ~[spring-web-5.3.15.jar:5.3.15]
	at org.springframework.http.converter.json.AbstractJackson2HttpMessageConverter.read(AbstractJackson2HttpMessageConverter.java:342) ~[spring-web-5.3.15.jar:5.3.15]
	at org.springframework.web.servlet.mvc.method.annotation.AbstractMessageConverterMethodArgumentResolver.readWithMessageConverters(AbstractMessageConverterMethodArgumentResolver.java:185) ~[spring-webmvc-5.3.15.jar:5.3.15]
	at org.springframework.web.servlet.mvc.method.annotation.RequestResponseBodyMethodProcessor.readWithMessageConverters(RequestResponseBodyMethodProcessor.java:160) ~[spring-webmvc-5.3.15.jar:5.3.15]
	at org.springframework.web.servlet.mvc.method.annotation.RequestResponseBodyMethodProcessor.resolveArgument(RequestResponseBodyMethodProcessor.java:133) ~[spring-webmvc-5.3.15.jar:5.3.15]
	at org.springframework.web.method.support.HandlerMethodArgumentResolverComposite.resolveArgument(HandlerMethodArgumentResolverComposite.java:122) ~[spring-web-5.3.15.jar:5.3.15]
	at org.springframework.web.method.support.InvocableHandlerMethod.getMethodArgumentValues(InvocableHandlerMethod.java:179) ~[spring-web-5.3.15.jar:5.3.15]
	at org.springframework.web.method.support.InvocableHandlerMethod.invokeForRequest(InvocableHandlerMethod.java:146) ~[spring-web-5.3.15.jar:5.3.15]
	at org.springframework.web.servlet.mvc.method.annotation.ServletInvocableHandlerMethod.invokeAndHandle(ServletInvocableHandlerMethod.java:117) ~[spring-webmvc-5.3.15.jar:5.3.15]
	at org.springframework.web.servlet.mvc.method.annotation.RequestMappingHandlerAdapter.invokeHandlerMethod(RequestMappingHandlerAdapter.java:895) ~[spring-webmvc-5.3.15.jar:5.3.15]
	at org.springframework.web.servlet.mvc.method.annotation.RequestMappingHandlerAdapter.handleInternal(RequestMappingHandlerAdapter.java:808) ~[spring-webmvc-5.3.15.jar:5.3.15]
	at org.springframework.web.servlet.mvc.method.AbstractHandlerMethodAdapter.handle(AbstractHandlerMethodAdapter.java:87) ~[spring-webmvc-5.3.15.jar:5.3.15]
	at org.springframework.web.servlet.DispatcherServlet.doDispatch(DispatcherServlet.java:1067) ~[spring-webmvc-5.3.15.jar:5.3.15]
	at org.springframework.web.servlet.DispatcherServlet.doService(DispatcherServlet.java:963) ~[spring-webmvc-5.3.15.jar:5.3.15]
	at org.springframework.web.servlet.FrameworkServlet.processRequest(FrameworkServlet.java:1006) ~[spring-webmvc-5.3.15.jar:5.3.15]
	at org.springframework.web.servlet.FrameworkServlet.doPost(FrameworkServlet.java:909) ~[spring-webmvc-5.3.15.jar:5.3.15]
	at javax.servlet.http.HttpServlet.service(HttpServlet.java:681) ~[tomcat-embed-core-9.0.56.jar:4.0.FR]
	at org.springframework.web.servlet.FrameworkServlet.service(FrameworkServlet.java:883) ~[spring-webmvc-5.3.15.jar:5.3.15]
	at javax.servlet.http.HttpServlet.service(HttpServlet.java:764) ~[tomcat-embed-core-9.0.56.jar:4.0.FR]
	at org.apache.catalina.core.ApplicationFilterChain.internalDoFilter(ApplicationFilterChain.java:227) ~[tomcat-embed-core-9.0.56.jar:9.0.56]
	at org.apache.catalina.core.ApplicationFilterChain.doFilter(ApplicationFilterChain.java:162) ~[tomcat-embed-core-9.0.56.jar:9.0.56]
	at org.apache.tomcat.websocket.server.WsFilter.doFilter(WsFilter.java:53) ~[tomcat-embed-websocket-9.0.56.jar:9.0.56]
	at org.apache.catalina.core.ApplicationFilterChain.internalDoFilter(ApplicationFilterChain.java:189) ~[tomcat-embed-core-9.0.56.jar:9.0.56]
	at org.apache.catalina.core.ApplicationFilterChain.doFilter(ApplicationFilterChain.java:162) ~[tomcat-embed-core-9.0.56.jar:9.0.56]
	at org.springframework.web.filter.RequestContextFilter.doFilterInternal(RequestContextFilter.java:100) ~[spring-web-5.3.15.jar:5.3.15]
	at org.springframework.web.filter.OncePerRequestFilter.doFilter(OncePerRequestFilter.java:117) ~[spring-web-5.3.15.jar:5.3.15]
	at org.apache.catalina.core.ApplicationFilterChain.internalDoFilter(ApplicationFilterChain.java:189) ~[tomcat-embed-core-9.0.56.jar:9.0.56]
	at org.apache.catalina.core.ApplicationFilterChain.doFilter(ApplicationFilterChain.java:162) ~[tomcat-embed-core-9.0.56.jar:9.0.56]
	at org.springframework.web.filter.FormContentFilter.doFilterInternal(FormContentFilter.java:93) ~[spring-web-5.3.15.jar:5.3.15]
	at org.springframework.web.filter.OncePerRequestFilter.doFilter(OncePerRequestFilter.java:117) ~[spring-web-5.3.15.jar:5.3.15]
	at org.apache.catalina.core.ApplicationFilterChain.internalDoFilter(ApplicationFilterChain.java:189) ~[tomcat-embed-core-9.0.56.jar:9.0.56]
	at org.apache.catalina.core.ApplicationFilterChain.doFilter(ApplicationFilterChain.java:162) ~[tomcat-embed-core-9.0.56.jar:9.0.56]
	at org.springframework.web.filter.CharacterEncodingFilter.doFilterInternal(CharacterEncodingFilter.java:201) ~[spring-web-5.3.15.jar:5.3.15]
	at org.springframework.web.filter.OncePerRequestFilter.doFilter(OncePerRequestFilter.java:117) ~[spring-web-5.3.15.jar:5.3.15]
	at org.apache.catalina.core.ApplicationFilterChain.internalDoFilter(ApplicationFilterChain.java:189) ~[tomcat-embed-core-9.0.56.jar:9.0.56]
	at org.apache.catalina.core.ApplicationFilterChain.doFilter(ApplicationFilterChain.java:162) ~[tomcat-embed-core-9.0.56.jar:9.0.56]
	at org.apache.catalina.core.StandardWrapperValve.invoke(StandardWrapperValve.java:197) ~[tomcat-embed-core-9.0.56.jar:9.0.56]
	at org.apache.catalina.core.StandardContextValve.invoke(StandardContextValve.java:97) ~[tomcat-embed-core-9.0.56.jar:9.0.56]
	at org.apache.catalina.authenticator.AuthenticatorBase.invoke(AuthenticatorBase.java:540) ~[tomcat-embed-core-9.0.56.jar:9.0.56]
	at org.apache.catalina.core.StandardHostValve.invoke(StandardHostValve.java:135) ~[tomcat-embed-core-9.0.56.jar:9.0.56]
	at org.apache.catalina.valves.ErrorReportValve.invoke(ErrorReportValve.java:92) ~[tomcat-embed-core-9.0.56.jar:9.0.56]
	at org.apache.catalina.core.StandardEngineValve.invoke(StandardEngineValve.java:78) ~[tomcat-embed-core-9.0.56.jar:9.0.56]
	at org.apache.catalina.connector.CoyoteAdapter.service(CoyoteAdapter.java:357) ~[tomcat-embed-core-9.0.56.jar:9.0.56]
	at org.apache.coyote.http11.Http11Processor.service(Http11Processor.java:382) ~[tomcat-embed-core-9.0.56.jar:9.0.56]
	at org.apache.coyote.AbstractProcessorLight.process(AbstractProcessorLight.java:65) ~[tomcat-embed-core-9.0.56.jar:9.0.56]
	at org.apache.coyote.AbstractProtocol$ConnectionHandler.process(AbstractProtocol.java:895) ~[tomcat-embed-core-9.0.56.jar:9.0.56]
	at org.apache.tomcat.util.net.NioEndpoint$SocketProcessor.doRun(NioEndpoint.java:1732) ~[tomcat-embed-core-9.0.56.jar:9.0.56]
	at org.apache.tomcat.util.net.SocketProcessorBase.run(SocketProcessorBase.java:49) ~[tomcat-embed-core-9.0.56.jar:9.0.56]
	at org.apache.tomcat.util.threads.ThreadPoolExecutor.runWorker(ThreadPoolExecutor.java:1191) ~[tomcat-embed-core-9.0.56.jar:9.0.56]
	at org.apache.tomcat.util.threads.ThreadPoolExecutor$Worker.run(ThreadPoolExecutor.java:659) ~[tomcat-embed-core-9.0.56.jar:9.0.56]
	at org.apache.tomcat.util.threads.TaskThread$WrappingRunnable.run(TaskThread.java:61) ~[tomcat-embed-core-9.0.56.jar:9.0.56]
	at java.base/java.lang.Thread.run(Thread.java:833) ~[na:na]
Caused by: com.fasterxml.jackson.databind.exc.InvalidFormatException: Cannot deserialize value of type `java.time.LocalDate` from String "19Oct2020": Failed to deserialize java.time.LocalDate: (java.time.format.DateTimeParseException) Text '19Oct2020' could not be parsed at index 2
 at [Source: (PushbackInputStream); line: 1, column: 193] (through reference chain: com.bridegelabz.employeepayrollapp.dto.EmployeePayrollDTO["startDate"])
	at com.fasterxml.jackson.databind.exc.InvalidFormatException.from(InvalidFormatException.java:67) ~[jackson-databind-2.13.1.jar:2.13.1]
	at com.fasterxml.jackson.databind.DeserializationContext.weirdStringException(DeserializationContext.java:1991) ~[jackson-databind-2.13.1.jar:2.13.1]
	at com.fasterxml.jackson.databind.DeserializationContext.handleWeirdStringValue(DeserializationContext.java:1219) ~[jackson-databind-2.13.1.jar:2.13.1]
	at com.fasterxml.jackson.datatype.jsr310.deser.JSR310DeserializerBase._handleDateTimeException(JSR310DeserializerBase.java:176) ~[jackson-datatype-jsr310-2.13.1.jar:2.13.1]
	at com.fasterxml.jackson.datatype.jsr310.deser.LocalDateDeserializer._fromString(LocalDateDeserializer.java:172) ~[jackson-datatype-jsr310-2.13.1.jar:2.13.1]
	at com.fasterxml.jackson.datatype.jsr310.deser.LocalDateDeserializer.deserialize(LocalDateDeserializer.java:90) ~[jackson-datatype-jsr310-2.13.1.jar:2.13.1]
	at com.fasterxml.jackson.datatype.jsr310.deser.LocalDateDeserializer.deserialize(LocalDateDeserializer.java:36) ~[jackson-datatype-jsr310-2.13.1.jar:2.13.1]
	at com.fasterxml.jackson.databind.deser.impl.FieldProperty.deserializeAndSet(FieldProperty.java:138) ~[jackson-databind-2.13.1.jar:2.13.1]
	at com.fasterxml.jackson.databind.deser.BeanDeserializer.deserializeFromObject(BeanDeserializer.java:391) ~[jackson-databind-2.13.1.jar:2.13.1]
	at com.fasterxml.jackson.databind.deser.BeanDeserializer.deserialize(BeanDeserializer.java:184) ~[jackson-databind-2.13.1.jar:2.13.1]
	at com.fasterxml.jackson.databind.deser.DefaultDeserializationContext.readRootValue(DefaultDeserializationContext.java:322) ~[jackson-databind-2.13.1.jar:2.13.1]
	at com.fasterxml.jackson.databind.ObjectMapper._readMapAndClose(ObjectMapper.java:4674) ~[jackson-databind-2.13.1.jar:2.13.1]
	at com.fasterxml.jackson.databind.ObjectMapper.readValue(ObjectMapper.java:3682) ~[jackson-databind-2.13.1.jar:2.13.1]
	at org.springframework.http.converter.json.AbstractJackson2HttpMessageConverter.readJavaType(AbstractJackson2HttpMessageConverter.java:378) ~[spring-web-5.3.15.jar:5.3.15]
	... 51 common frames omitted
Caused by: java.time.format.DateTimeParseException: Text '19Oct2020' could not be parsed at index 2
	at java.base/java.time.format.DateTimeFormatter.parseResolved0(DateTimeFormatter.java:2052) ~[na:na]
	at java.base/java.time.format.DateTimeFormatter.parse(DateTimeFormatter.java:1954) ~[na:na]
	at java.base/java.time.LocalDate.parse(LocalDate.java:430) ~[na:na]
	at com.fasterxml.jackson.datatype.jsr310.deser.LocalDateDeserializer._fromString(LocalDateDeserializer.java:170) ~[jackson-datatype-jsr310-2.13.1.jar:2.13.1]
	... 60 common frames omitted

2022-06-17 14:59:56.027  WARN 2220 --- [http-nio-8082-exec-1] .m.m.a.ExceptionHandlerExceptionResolver : Resolved [org.springframework.http.converter.HttpMessageNotReadableException: JSON parse error: Cannot deserialize value of type `java.time.LocalDate` from String "19Oct2020": Failed to deserialize java.time.LocalDate: (java.time.format.DateTimeParseException) Text '19Oct2020' could not be parsed at index 2; nested exception is com.fasterxml.jackson.databind.exc.InvalidFormatException: Cannot deserialize value of type `java.time.LocalDate` from String "19Oct2020": Failed to deserialize java.time.LocalDate: (java.time.format.DateTimeParseException) Text '19Oct2020' could not be parsed at index 2<EOL> at [Source: (PushbackInputStream); line: 1, column: 193] (through reference chain: com.bridegelabz.employeepayrollapp.dto.EmployeePayrollDTO["startDate"])]
2022-06-17 15:00:49.674  INFO 2220 --- [restartedMain] c.b.e.EmployeePayrollApp                 : Starting EmployeePayrollApp using Java 17.0.3 on DESKTOP-8PGHENU with PID 2220 (C:\Users\lenovo\IdeaProjects\employee-payroll-app-spring\target\classes started by lenovo in C:\Users\lenovo\IdeaProjects\employee-payroll-app-spring)
2022-06-17 15:00:49.732 DEBUG 2220 --- [restartedMain] c.b.e.EmployeePayrollApp                 : Running with Spring Boot v2.6.3, Spring v5.3.15
2022-06-17 15:00:49.751  INFO 2220 --- [restartedMain] c.b.e.EmployeePayrollApp                 : The following profiles are active: dev
2022-06-17 15:00:56.080  WARN 2220 --- [restartedMain] JpaBaseConfiguration$JpaWebConfiguration : spring.jpa.open-in-view is enabled by default. Therefore, database queries may be performed during view rendering. Explicitly configure spring.jpa.open-in-view to disable this warning
2022-06-17 15:00:56.374  INFO 2220 --- [restartedMain] c.b.e.EmployeePayrollApp                 : Started EmployeePayrollApp in 7.448 seconds (JVM running for 1227.622)
2022-06-17 15:00:56.402  INFO 2220 --- [restartedMain] c.b.e.EmployeePayrollApp                 : Employee Payroll App Started in DEV Environment
2022-06-17 15:00:56.431  INFO 2220 --- [restartedMain] c.b.e.EmployeePayrollApp                 : Employee payroll DB User is root
2022-06-17 15:01:16.516  INFO 11016 --- [restartedMain] c.b.e.EmployeePayrollApp                 : Starting EmployeePayrollApp using Java 17.0.3 on DESKTOP-8PGHENU with PID 11016 (C:\Users\lenovo\IdeaProjects\employee-payroll-app-spring\target\classes started by lenovo in C:\Users\lenovo\IdeaProjects\employee-payroll-app-spring)
2022-06-17 15:01:16.523 DEBUG 11016 --- [restartedMain] c.b.e.EmployeePayrollApp                 : Running with Spring Boot v2.6.3, Spring v5.3.15
2022-06-17 15:01:16.525  INFO 11016 --- [restartedMain] c.b.e.EmployeePayrollApp                 : The following profiles are active: dev
2022-06-17 15:01:35.489  WARN 11016 --- [restartedMain] JpaBaseConfiguration$JpaWebConfiguration : spring.jpa.open-in-view is enabled by default. Therefore, database queries may be performed during view rendering. Explicitly configure spring.jpa.open-in-view to disable this warning
2022-06-17 15:01:36.341  WARN 11016 --- [restartedMain] o.s.b.d.a.OptionalLiveReloadServer       : Unable to start LiveReload server
2022-06-17 15:01:36.485  WARN 11016 --- [restartedMain] ConfigServletWebServerApplicationContext : Exception encountered during context initialization - cancelling refresh attempt: org.springframework.context.ApplicationContextException: Failed to start bean 'webServerStartStop'; nested exception is org.springframework.boot.web.server.PortInUseException: Port 8082 is already in use
2022-06-17 15:01:37.465 ERROR 11016 --- [restartedMain] o.s.b.d.LoggingFailureAnalysisReporter   : 

***************************
APPLICATION FAILED TO START
***************************

Description:

Web server failed to start. Port 8082 was already in use.

Action:

Identify and stop the process that's listening on port 8082 or configure this application to listen on another port.

2022-06-17 15:02:15.387  INFO 6536 --- [restartedMain] c.b.e.EmployeePayrollApp                 : Starting EmployeePayrollApp using Java 17.0.3 on DESKTOP-8PGHENU with PID 6536 (C:\Users\lenovo\IdeaProjects\employee-payroll-app-spring\target\classes started by lenovo in C:\Users\lenovo\IdeaProjects\employee-payroll-app-spring)
2022-06-17 15:02:15.393 DEBUG 6536 --- [restartedMain] c.b.e.EmployeePayrollApp                 : Running with Spring Boot v2.6.3, Spring v5.3.15
2022-06-17 15:02:15.402  INFO 6536 --- [restartedMain] c.b.e.EmployeePayrollApp                 : The following profiles are active: dev
2022-06-17 15:02:29.778  WARN 6536 --- [restartedMain] JpaBaseConfiguration$JpaWebConfiguration : spring.jpa.open-in-view is enabled by default. Therefore, database queries may be performed during view rendering. Explicitly configure spring.jpa.open-in-view to disable this warning
2022-06-17 15:02:31.266  INFO 6536 --- [restartedMain] c.b.e.EmployeePayrollApp                 : Started EmployeePayrollApp in 17.144 seconds (JVM running for 18.378)
2022-06-17 15:02:31.316  INFO 6536 --- [restartedMain] c.b.e.EmployeePayrollApp                 : Employee Payroll App Started in DEV Environment
2022-06-17 15:02:31.410  INFO 6536 --- [restartedMain] c.b.e.EmployeePayrollApp                 : Employee payroll DB User is root
2022-06-17 15:02:39.374 DEBUG 6536 --- [http-nio-8082-exec-1] c.b.e.services.EmployeePayrollService    : Emp Data: EmployeePayrollData(employeeId=0, name=RADHESHYAM, salary=340400, gender=male, startDate=19Oct2020, note=welcome, profilePic=../assets/Ellipse -3.png, department=[HR, Sales])
2022-06-17 15:04:07.974 DEBUG 6536 --- [http-nio-8082-exec-3] c.b.e.services.EmployeePayrollService    : Emp Data: EmployeePayrollData(employeeId=0, name=Naresh sahu, salary=375900, gender=male, startDate=17Sept2022, note=welcome to , profilePic=src\assets\Ellipse -8.png, department=[HR, Sales, Finance])
2022-06-17 15:09:10.555  WARN 6536 --- [http-nio-8082-exec-5] .m.m.a.ExceptionHandlerExceptionResolver : Resolved [org.springframework.web.bind.MethodArgumentNotValidException: Validation failed for argument [0] in public org.springframework.http.ResponseEntity<com.bridegelabz.employeepayrollapp.dto.ResponseDTO> com.bridegelabz.employeepayrollapp.controllers.EmployeePayrollController.addEmployeePayrollData(com.bridegelabz.employeepayrollapp.dto.EmployeePayrollDTO): [Field error in object 'employeePayrollDTO' on field 'name': rejected value [harry]; codes [Pattern.employeePayrollDTO.name,Pattern.name,Pattern]; arguments [org.springframework.context.support.DefaultMessageSourceResolvable: codes [employeePayrollDTO.name,name]; arguments []; default message [name],[Ljavax.validation.constraints.Pattern$Flag;@420fe421,[A-Z]{1}[a-zA-Z\s]{2,}$]; default message [Employee name Invalid]] ]
2022-06-17 15:09:35.076  WARN 6536 --- [http-nio-8082-exec-6] .m.m.a.ExceptionHandlerExceptionResolver : Resolved [org.springframework.web.bind.MethodArgumentNotValidException: Validation failed for argument [0] in public org.springframework.http.ResponseEntity<com.bridegelabz.employeepayrollapp.dto.ResponseDTO> com.bridegelabz.employeepayrollapp.controllers.EmployeePayrollController.addEmployeePayrollData(com.bridegelabz.employeepayrollapp.dto.EmployeePayrollDTO): [Field error in object 'employeePayrollDTO' on field 'name': rejected value [harry]; codes [Pattern.employeePayrollDTO.name,Pattern.name,Pattern]; arguments [org.springframework.context.support.DefaultMessageSourceResolvable: codes [employeePayrollDTO.name,name]; arguments []; default message [name],[Ljavax.validation.constraints.Pattern$Flag;@420fe421,[A-Z]{1}[a-zA-Z\s]{2,}$]; default message [Employee name Invalid]] ]
2022-06-17 15:09:47.443  WARN 6536 --- [http-nio-8082-exec-7] .m.m.a.ExceptionHandlerExceptionResolver : Resolved [org.springframework.web.bind.MethodArgumentNotValidException: Validation failed for argument [0] in public org.springframework.http.ResponseEntity<com.bridegelabz.employeepayrollapp.dto.ResponseDTO> com.bridegelabz.employeepayrollapp.controllers.EmployeePayrollController.addEmployeePayrollData(com.bridegelabz.employeepayrollapp.dto.EmployeePayrollDTO): [Field error in object 'employeePayrollDTO' on field 'name': rejected value [harry]; codes [Pattern.employeePayrollDTO.name,Pattern.name,Pattern]; arguments [org.springframework.context.support.DefaultMessageSourceResolvable: codes [employeePayrollDTO.name,name]; arguments []; default message [name],[Ljavax.validation.constraints.Pattern$Flag;@420fe421,[A-Z]{1}[a-zA-Z\s]{2,}$]; default message [Employee name Invalid]] ]
2022-06-17 15:16:05.248  WARN 6536 --- [http-nio-8082-exec-8] .m.m.a.ExceptionHandlerExceptionResolver : Resolved [org.springframework.web.bind.MethodArgumentNotValidException: Validation failed for argument [0] in public org.springframework.http.ResponseEntity<com.bridegelabz.employeepayrollapp.dto.ResponseDTO> com.bridegelabz.employeepayrollapp.controllers.EmployeePayrollController.addEmployeePayrollData(com.bridegelabz.employeepayrollapp.dto.EmployeePayrollDTO): [Field error in object 'employeePayrollDTO' on field 'name': rejected value [harry]; codes [Pattern.employeePayrollDTO.name,Pattern.name,Pattern]; arguments [org.springframework.context.support.DefaultMessageSourceResolvable: codes [employeePayrollDTO.name,name]; arguments []; default message [name],[Ljavax.validation.constraints.Pattern$Flag;@420fe421,[A-Z]{1}[a-zA-Z\s]{2,}$]; default message [Employee name Invalid]] ]
2022-06-17 15:19:36.920  WARN 6536 --- [http-nio-8082-exec-9] .m.m.a.ExceptionHandlerExceptionResolver : Resolved [org.springframework.web.bind.MethodArgumentNotValidException: Validation failed for argument [0] in public org.springframework.http.ResponseEntity<com.bridegelabz.employeepayrollapp.dto.ResponseDTO> com.bridegelabz.employeepayrollapp.controllers.EmployeePayrollController.addEmployeePayrollData(com.bridegelabz.employeepayrollapp.dto.EmployeePayrollDTO): [Field error in object 'employeePayrollDTO' on field 'name': rejected value [harry]; codes [Pattern.employeePayrollDTO.name,Pattern.name,Pattern]; arguments [org.springframework.context.support.DefaultMessageSourceResolvable: codes [employeePayrollDTO.name,name]; arguments []; default message [name],[Ljavax.validation.constraints.Pattern$Flag;@420fe421,[A-Z]{1}[a-zA-Z\s]{2,}$]; default message [Employee name Invalid]] ]
2022-06-17 15:37:40.100  WARN 6536 --- [http-nio-8082-exec-1] .m.m.a.ExceptionHandlerExceptionResolver : Resolved [org.springframework.web.bind.MethodArgumentNotValidException: Validation failed for argument [0] in public org.springframework.http.ResponseEntity<com.bridegelabz.employeepayrollapp.dto.ResponseDTO> com.bridegelabz.employeepayrollapp.controllers.EmployeePayrollController.addEmployeePayrollData(com.bridegelabz.employeepayrollapp.dto.EmployeePayrollDTO): [Field error in object 'employeePayrollDTO' on field 'name': rejected value [harry]; codes [Pattern.employeePayrollDTO.name,Pattern.name,Pattern]; arguments [org.springframework.context.support.DefaultMessageSourceResolvable: codes [employeePayrollDTO.name,name]; arguments []; default message [name],[Ljavax.validation.constraints.Pattern$Flag;@420fe421,[A-Z]{1}[a-zA-Z\s]{2,}$]; default message [Employee name Invalid]] ]
2022-06-17 15:37:56.925 DEBUG 6536 --- [http-nio-8082-exec-2] c.b.e.services.EmployeePayrollService    : Emp Data: EmployeePayrollData(employeeId=0, name=Harry, salary=337900, gender=male, startDate=17Oct2022, note=welcom, profilePic=src\assets\Ellipse -7.png, department=[Others])
2022-06-17 15:38:25.049 DEBUG 6536 --- [http-nio-8082-exec-4] c.b.e.services.EmployeePayrollService    : Emp Data: EmployeePayrollData(employeeId=0, name=Ram, salary=376400, gender=male, startDate=14Aug2021, note=welcome, profilePic=../assets/Ellipse -3.png, department=[Others, Sales])
2022-06-17 15:40:39.329 DEBUG 6536 --- [http-nio-8082-exec-6] c.b.e.services.EmployeePayrollService    : Emp Data: EmployeePayrollData(employeeId=0, name=Anjana, salary=360900, gender=female, startDate=19May2022, note=welcome to my home, profilePic=src\assets\Ellipse -1.png, department=[Others, Sales, Finance])
